[easley052:2263489:0:2263489] Caught signal 11 (Segmentation fault: address not mapped to object at address 0x4)
==== backtrace (tid:2263489) ====
 0  /opt/spack/opt/spack/linux-sapphirerapids/ucx-1.18.0-jh4f6vijislc6a4wqrmmyq52rxmez423/lib/libucs.so.0(ucs_handle_error+0x2d4) [0x14a71b8d6db4]
 1  /opt/spack/opt/spack/linux-sapphirerapids/ucx-1.18.0-jh4f6vijislc6a4wqrmmyq52rxmez423/lib/libucs.so.0(+0x34f77) [0x14a71b8d6f77]
 2  /opt/spack/opt/spack/linux-sapphirerapids/ucx-1.18.0-jh4f6vijislc6a4wqrmmyq52rxmez423/lib/libucs.so.0(+0x35246) [0x14a71b8d7246]
 3  /lib64/libc.so.6(+0x18ff7a) [0x14a724e8ef7a]
 4  /opt/spack/opt/spack/linux-sapphirerapids/openmpi-4.1.7-6zaqotohu7f5mzsjwe2qafxvsol3hyib/lib/libopen-pal.so.40(+0x467bd) [0x14a724bd57bd]
 5  /opt/spack/opt/spack/linux-sapphirerapids/openmpi-4.1.7-6zaqotohu7f5mzsjwe2qafxvsol3hyib/lib/libmpi.so.40(ompi_datatype_sndrcv+0x500) [0x14a7252d9630]
 6  /opt/spack/opt/spack/linux-sapphirerapids/openmpi-4.1.7-6zaqotohu7f5mzsjwe2qafxvsol3hyib/lib/libmpi.so.40(MPI_Alltoall+0x15f) [0x14a7252db81f]
 7  /users/jvillarreal3/CS542/Parallel_Processing_Project/easley_timings/alltoall/../../locality_aware/build/benchmarks/./gpu_alltoall() [0x4050a2]
 8  /lib64/libc.so.6(+0x295d0) [0x14a724d285d0]
 9  /lib64/libc.so.6(__libc_start_main+0x80) [0x14a724d28680]
10  /users/jvillarreal3/CS542/Parallel_Processing_Project/easley_timings/alltoall/../../locality_aware/build/benchmarks/./gpu_alltoall() [0x404d05]
=================================
[easley052:2263489] *** Process received signal ***
[easley052:2263489] Signal: Segmentation fault (11)
[easley052:2263489] Signal code:  (-6)
[easley052:2263489] Failing at address: 0x20bc21de002289c1
[easley052:2263489] [ 0] /lib64/libc.so.6(+0x3e730)[0x14a724d3d730]
[easley052:2263489] [ 1] /lib64/libc.so.6(+0x18ff7a)[0x14a724e8ef7a]
[easley052:2263489] [ 2] /opt/spack/opt/spack/linux-sapphirerapids/openmpi-4.1.7-6zaqotohu7f5mzsjwe2qafxvsol3hyib/lib/libopen-pal.so.40(+0x467bd)[0x14a724bd57bd]
[easley052:2263489] [ 3] /opt/spack/opt/spack/linux-sapphirerapids/openmpi-4.1.7-6zaqotohu7f5mzsjwe2qafxvsol3hyib/lib/libmpi.so.40(ompi_datatype_sndrcv+0x500)[0x14a7252d9630]
[easley052:2263489] [ 4] /opt/spack/opt/spack/linux-sapphirerapids/openmpi-4.1.7-6zaqotohu7f5mzsjwe2qafxvsol3hyib/lib/libmpi.so.40(MPI_Alltoall+0x15f)[0x14a7252db81f]
[easley052:2263489] [ 5] /users/jvillarreal3/CS542/Parallel_Processing_Project/easley_timings/alltoall/../../locality_aware/build/benchmarks/./gpu_alltoall[0x4050a2]
[easley052:2263489] [ 6] /lib64/libc.so.6(+0x295d0)[0x14a724d285d0]
[easley052:2263489] [ 7] /lib64/libc.so.6(__libc_start_main+0x80)[0x14a724d28680]
[easley052:2263489] [ 8] /users/jvillarreal3/CS542/Parallel_Processing_Project/easley_timings/alltoall/../../locality_aware/build/benchmarks/./gpu_alltoall[0x404d05]
[easley052:2263489] *** End of error message ***
srun: error: easley052: task 0: Segmentation fault (core dumped)
