To request GPUs, add --gpus-per-node X or --gpus X, where X is the desired number of GPUs.
Job 112586 running on easley[027-028]
Testing Size 1
PMPI_Alltoallv Time 1.402051e-04
MPIX_Alltoallv Time 1.966063e-04
Testing Size 2
PMPI_Alltoallv Time 1.394434e-04
MPIX_Alltoallv Time 2.011106e-04
Testing Size 4
PMPI_Alltoallv Time 1.477697e-04
MPIX_Alltoallv Time 2.140012e-04
Testing Size 8
PMPI_Alltoallv Time 9.126485e-04
MPIX_Alltoallv Time 2.545202e-04
Testing Size 16
PMPI_Alltoallv Time 2.181496e-04
MPIX_Alltoallv Time 3.525960e-04
Testing Size 32
PMPI_Alltoallv Time 3.558985e-04
MPIX_Alltoallv Time 4.404482e-04
Testing Size 64
PMPI_Alltoallv Time 3.291239e-04
MPIX_Alltoallv Time 5.929759e-04
Testing Size 128
PMPI_Alltoallv Time 4.996010e-04
MPIX_Alltoallv Time 7.617561e-04
Testing Size 256
PMPI_Alltoallv Time 5.688856e-04
MPIX_Alltoallv Time 1.028282e-03
Testing Size 512
PMPI_Alltoallv Time 1.215114e-03
MPIX_Alltoallv Time 9.132279e-04
Testing Size 1024
PMPI_Alltoallv Time 1.668159e-03
MPIX_Alltoallv Time 1.661844e-03
Testing Size 2048
PMPI_Alltoallv Time 3.042503e-03
MPIX_Alltoallv Time 3.391091e-03
Testing Size 4096
PMPI_Alltoallv Time 6.055685e-03
MPIX_Alltoallv Time 6.942222e-03
Testing Size 8192
PMPI_Alltoallv Time 1.176972e-02
MPIX_Alltoallv Time 1.307528e-02
Testing Size 16384
PMPI_Alltoallv Time 2.301293e-02
MPIX_Alltoallv Time 2.577212e-02
