To request GPUs, add --gpus-per-node X or --gpus X, where X is the desired number of GPUs.
Job 112583 running on easley[027-028]
Testing Size 1
PMPI_Alltoall Time 4.258114e-05
MPIX_Alltoall Time 2.630234e-03
Testing Size 2
PMPI_Alltoall Time 4.286320e-05
MPIX_Alltoall Time 3.538980e-04
Testing Size 4
PMPI_Alltoall Time 4.815905e-05
MPIX_Alltoall Time 4.142768e-04
Testing Size 8
PMPI_Alltoall Time 6.156236e-05
MPIX_Alltoall Time 6.652896e-04
Testing Size 16
PMPI_Alltoall Time 8.125006e-05
MPIX_Alltoall Time 3.661942e-04
Testing Size 32
PMPI_Alltoall Time 1.338939e-04
MPIX_Alltoall Time 7.952576e-04
Testing Size 64
PMPI_Alltoall Time 2.487242e-04
MPIX_Alltoall Time 5.041786e-04
Testing Size 128
PMPI_Alltoall Time 9.844402e-04
MPIX_Alltoall Time 8.766378e-04
Testing Size 256
PMPI_Alltoall Time 4.678897e-04
MPIX_Alltoall Time 9.734534e-04
Testing Size 512
PMPI_Alltoall Time 1.169374e-03
MPIX_Alltoall Time 9.066051e-04
Testing Size 1024
PMPI_Alltoall Time 1.658039e-03
MPIX_Alltoall Time 1.665729e-03
Testing Size 2048
PMPI_Alltoall Time 3.033246e-03
MPIX_Alltoall Time 3.514598e-03
Testing Size 4096
PMPI_Alltoall Time 6.050317e-03
MPIX_Alltoall Time 6.826788e-03
Testing Size 8192
PMPI_Alltoall Time 1.173416e-02
MPIX_Alltoall Time 1.310346e-02
Testing Size 16384
PMPI_Alltoall Time 2.289635e-02
MPIX_Alltoall Time 2.582901e-02
