To request GPUs, add --gpus-per-node X or --gpus X, where X is the desired number of GPUs.
Job 107705 running on easley[017-018]
On-NUMA Ping-Pong:
Size 1: 3.869904e-07
Size 2: 3.791955e-07
Size 4: 3.791152e-07
Size 8: 3.806426e-07
Size 16: 3.979970e-07
Size 32: 4.948785e-07
Size 64: 5.083133e-07
Size 128: 7.632942e-07
Size 256: 8.441672e-07
Size 512: 1.061210e-06
Size 1024: 1.363532e-06
Size 2048: 1.788392e-06
Size 4096: 2.495555e-06
Size 8192: 3.744472e-06
Size 16384: 6.501887e-06
Size 32768: 1.066172e-05
Size 65536: 1.603809e-05
Size 131072: 2.587369e-05
Size 262144: 2.538997e-05
Size 524288: 4.749452e-05
Size 1048576: 1.112234e-04
Size 2097152: 3.665698e-04
Size 4194304: 7.269330e-04
Size 8388608: 1.445743e-03
Size 16777216: 2.887701e-03

On-Socket Ping-Pong:
Size 1: 4.222715e-07
Size 2: 4.193370e-07
Size 4: 4.199752e-07
Size 8: 4.224112e-07
Size 16: 4.207626e-07
Size 32: 5.125535e-07
Size 64: 5.147650e-07
Size 128: 8.056460e-07
Size 256: 8.640818e-07
Size 512: 1.062381e-06
Size 1024: 1.352682e-06
Size 2048: 1.796797e-06
Size 4096: 2.494367e-06
Size 8192: 3.872798e-06
Size 16384: 6.512466e-06
Size 32768: 1.069887e-05
Size 65536: 1.609380e-05
Size 131072: 2.615692e-05
Size 262144: 2.547454e-05
Size 524288: 4.764591e-05
Size 1048576: 1.116348e-04
Size 2097152: 3.702260e-04
Size 4194304: 7.330672e-04
Size 8388608: 1.462927e-03
Size 16777216: 2.919669e-03

On-Node, Off-Socket Ping-Pong:
Size 1: 4.208526e-07
Size 2: 4.205332e-07
Size 4: 4.199668e-07
Size 8: 4.214032e-07
Size 16: 4.228851e-07
Size 32: 5.082617e-07
Size 64: 5.133711e-07
Size 128: 7.971159e-07
Size 256: 8.661542e-07
Size 512: 1.067782e-06
Size 1024: 1.371490e-06
Size 2048: 1.781271e-06
Size 4096: 2.492099e-06
Size 8192: 3.742918e-06
Size 16384: 6.520003e-06
Size 32768: 1.066648e-05
Size 65536: 1.600585e-05
Size 131072: 2.597230e-05
Size 262144: 2.566758e-05
Size 524288: 4.795198e-05
Size 1048576: 1.125180e-04
Size 2097152: 3.708337e-04
Size 4194304: 7.351591e-04
Size 8388608: 1.465274e-03
Size 16777216: 2.921567e-03

Off-Node Ping-Pong:
Size 1: 3.049294e-06
Size 2: 2.911744e-06
Size 4: 2.911051e-06
Size 8: 2.910948e-06
Size 16: 2.905920e-06
Size 32: 2.929412e-06
Size 64: 2.957358e-06
Size 128: 3.019908e-06
Size 256: 3.573050e-06
Size 512: 3.710126e-06
Size 1024: 3.915169e-06
Size 2048: 5.428152e-06
Size 4096: 6.514512e-06
Size 8192: 8.470814e-06
Size 16384: 1.210196e-05
Size 32768: 1.671597e-05
Size 65536: 2.170371e-05
Size 131072: 3.133143e-05
Size 262144: 3.282210e-05
Size 524288: 5.400104e-05
Size 1048576: 9.658919e-05
Size 2097152: 1.818261e-04
Size 4194304: 3.521050e-04
Size 8388608: 6.929838e-04
Size 16777216: 1.374385e-03

On-NUMA MultiProc Ping-Pong:
Active Procs: 1
Size 1: 4.273904e-07
Size 2: 4.277585e-07
Size 4: 4.255630e-07
Size 8: 4.277960e-07
Size 16: 4.271419e-07
Size 32: 5.176057e-07
Size 64: 5.202505e-07
Size 128: 8.119862e-07
Size 256: 8.828555e-07
Size 512: 1.089818e-06
Size 1024: 1.384539e-06
Size 2048: 1.821012e-06
Size 4096: 2.527224e-06
Size 8192: 3.921164e-06
Size 16384: 6.611352e-06
Size 32768: 1.088379e-05
Size 65536: 1.633974e-05
Size 131072: 2.637909e-05
Size 262144: 2.603711e-05
Size 524288: 4.881726e-05
Size 1048576: 1.210808e-04
Size 2097152: 4.093974e-04
Size 4194304: 8.150682e-04
Size 8388608: 1.625523e-03
Size 16777216: 3.328947e-03

Active Procs: 2
Size 1: 4.285327e-07
Size 2: 4.276760e-07
Size 4: 4.260445e-07
Size 8: 4.289966e-07
Size 16: 4.273933e-07
Size 32: 5.221859e-07
Size 64: 5.262877e-07
Size 128: 8.140144e-07
Size 256: 8.833794e-07
Size 512: 1.091134e-06
Size 1024: 1.403709e-06
Size 2048: 1.821448e-06
Size 4096: 2.611609e-06
Size 8192: 3.931466e-06
Size 16384: 6.647108e-06
Size 32768: 1.091590e-05
Size 65536: 1.636527e-05
Size 131072: 2.651044e-05
Size 262144: 3.240041e-05
Size 524288: 6.199700e-05
Size 1048576: 1.401279e-04
Size 2097152: 4.336841e-04
Size 4194304: 8.619852e-04
Size 8388608: 1.724706e-03
Size 16777216: 3.523327e-03

Active Procs: 4
Size 1: 4.270211e-07
Size 2: 4.272881e-07
Size 4: 4.257337e-07
Size 8: 4.282145e-07
Size 16: 4.292791e-07
Size 32: 5.211107e-07
Size 64: 5.179248e-07
Size 128: 8.087047e-07
Size 256: 8.835460e-07
Size 512: 1.085556e-06
Size 1024: 1.403646e-06
Size 2048: 1.826968e-06
Size 4096: 2.633073e-06
Size 8192: 3.970140e-06
Size 16384: 6.681205e-06
Size 32768: 1.098136e-05
Size 65536: 1.643605e-05
Size 131072: 2.664600e-05
Size 262144: 8.259330e-05
Size 524288: 1.672886e-04
Size 1048576: 3.223542e-04
Size 2097152: 6.559389e-04
Size 4194304: 1.305980e-03
Size 8388608: 2.626625e-03
Size 16777216: 5.435655e-03

Active Procs: 8
Size 1: 4.374675e-07
Size 2: 4.319219e-07
Size 4: 4.292917e-07
Size 8: 4.322484e-07
Size 16: 4.304794e-07
Size 32: 5.140885e-07
Size 64: 5.215679e-07
Size 128: 8.217889e-07
Size 256: 8.960591e-07
Size 512: 1.087925e-06
Size 1024: 1.412472e-06
Size 2048: 1.814701e-06
Size 4096: 2.711371e-06
Size 8192: 3.971228e-06
Size 16384: 6.660189e-06
Size 32768: 1.110731e-05
Size 65536: 1.687961e-05
Size 131072: 2.685285e-05
Size 262144: 1.912826e-04
Size 524288: 3.893344e-04
Size 1048576: 7.985476e-04
Size 2097152: 1.630058e-03
Size 4194304: 3.265855e-03
Size 8388608: 6.497133e-03
Size 16777216: 1.284044e-02

Active Procs: 16
Size 1: 4.401501e-07
Size 2: 4.253779e-07
Size 4: 4.256376e-07
Size 8: 4.254751e-07
Size 16: 4.255108e-07
Size 32: 5.094241e-07
Size 64: 5.179686e-07
Size 128: 8.025895e-07
Size 256: 8.722820e-07
Size 512: 1.069870e-06
Size 1024: 1.356881e-06
Size 2048: 1.774022e-06
Size 4096: 2.636258e-06
Size 8192: 3.948515e-06
Size 16384: 6.736809e-06
Size 32768: 1.117395e-05
Size 65536: 1.702622e-05
Size 131072: 2.705291e-05
Size 262144: 2.787564e-04
Size 524288: 5.545883e-04
Size 1048576: 1.140362e-03
Size 2097152: 2.472369e-03
Size 4194304: 5.034812e-03
Size 8388608: 1.045142e-02
Size 16777216: 2.112439e-02

On-Socket MultiProc Ping-Pong:
Active Procs: 1
Size 1: 4.266803e-07
Size 2: 4.269048e-07
Size 4: 4.258361e-07
Size 8: 4.268596e-07
Size 16: 4.300578e-07
Size 32: 5.186711e-07
Size 64: 5.198885e-07
Size 128: 8.071088e-07
Size 256: 8.867503e-07
Size 512: 1.093143e-06
Size 1024: 1.397823e-06
Size 2048: 1.821154e-06
Size 4096: 2.530312e-06
Size 8192: 3.922466e-06
Size 16384: 6.608779e-06
Size 32768: 1.090890e-05
Size 65536: 1.639224e-05
Size 131072: 2.654890e-05
Size 262144: 2.591848e-05
Size 524288: 4.881678e-05
Size 1048576: 1.204698e-04
Size 2097152: 3.994591e-04
Size 4194304: 7.939241e-04
Size 8388608: 1.584017e-03
Size 16777216: 3.242271e-03

Active Procs: 2
Size 1: 4.311972e-07
Size 2: 4.295749e-07
Size 4: 4.273114e-07
Size 8: 4.291071e-07
Size 16: 4.275786e-07
Size 32: 5.220772e-07
Size 64: 5.271694e-07
Size 128: 8.128968e-07
Size 256: 8.782642e-07
Size 512: 1.092222e-06
Size 1024: 1.405380e-06
Size 2048: 1.825071e-06
Size 4096: 2.535281e-06
Size 8192: 3.937684e-06
Size 16384: 6.633994e-06
Size 32768: 1.094570e-05
Size 65536: 1.642510e-05
Size 131072: 2.663791e-05
Size 262144: 3.270783e-05
Size 524288: 6.330940e-05
Size 1048576: 1.393543e-04
Size 2097152: 4.235243e-04
Size 4194304: 8.427778e-04
Size 8388608: 1.683239e-03
Size 16777216: 3.427023e-03

Active Procs: 4
Size 1: 4.280165e-07
Size 2: 4.271294e-07
Size 4: 4.267855e-07
Size 8: 4.284825e-07
Size 16: 4.286143e-07
Size 32: 5.183395e-07
Size 64: 5.243135e-07
Size 128: 8.127500e-07
Size 256: 8.837178e-07
Size 512: 1.095308e-06
Size 1024: 1.407973e-06
Size 2048: 1.830726e-06
Size 4096: 2.561112e-06
Size 8192: 3.971197e-06
Size 16384: 6.680295e-06
Size 32768: 1.102591e-05
Size 65536: 1.656734e-05
Size 131072: 2.687101e-05
Size 262144: 8.265727e-05
Size 524288: 1.673220e-04
Size 1048576: 3.223581e-04
Size 2097152: 6.516961e-04
Size 4194304: 1.300041e-03
Size 8388608: 2.611031e-03
Size 16777216: 5.484602e-03

Active Procs: 8
Size 1: 4.295951e-07
Size 2: 4.303701e-07
Size 4: 4.314309e-07
Size 8: 4.323714e-07
Size 16: 4.310421e-07
Size 32: 5.157612e-07
Size 64: 5.192147e-07
Size 128: 8.098317e-07
Size 256: 8.966074e-07
Size 512: 1.088291e-06
Size 1024: 1.385144e-06
Size 2048: 1.814999e-06
Size 4096: 2.578226e-06
Size 8192: 3.945215e-06
Size 16384: 6.659022e-06
Size 32768: 1.115167e-05
Size 65536: 1.688425e-05
Size 131072: 2.702274e-05
Size 262144: 1.918617e-04
Size 524288: 3.911145e-04
Size 1048576: 8.016862e-04
Size 2097152: 1.629637e-03
Size 4194304: 3.263775e-03
Size 8388608: 6.515397e-03
Size 16777216: 1.284045e-02

Active Procs: 16
Size 1: 4.429300e-07
Size 2: 4.274501e-07
Size 4: 4.272273e-07
Size 8: 4.283880e-07
Size 16: 4.287488e-07
Size 32: 5.044926e-07
Size 64: 5.068997e-07
Size 128: 7.998547e-07
Size 256: 8.819154e-07
Size 512: 1.066421e-06
Size 1024: 1.382726e-06
Size 2048: 1.776523e-06
Size 4096: 2.555427e-06
Size 8192: 3.939652e-06
Size 16384: 6.699962e-06
Size 32768: 1.120640e-05
Size 65536: 1.704066e-05
Size 131072: 2.730447e-05
Size 262144: 2.791080e-04
Size 524288: 5.593031e-04
Size 1048576: 1.140801e-03
Size 2097152: 2.470442e-03
Size 4194304: 5.030715e-03
Size 8388608: 1.046990e-02
Size 16777216: 2.119211e-02

On-Node, Off-Socket MultiProc Ping-Pong:
Active Procs: 1
Size 1: 4.248010e-07
Size 2: 4.255176e-07
Size 4: 4.227014e-07
Size 8: 4.255648e-07
Size 16: 4.259114e-07
Size 32: 5.122829e-07
Size 64: 5.139585e-07
Size 128: 8.030075e-07
Size 256: 8.803900e-07
Size 512: 1.096154e-06
Size 1024: 1.356514e-06
Size 2048: 1.804404e-06
Size 4096: 2.502082e-06
Size 8192: 3.865792e-06
Size 16384: 6.557293e-06
Size 32768: 1.075444e-05
Size 65536: 1.613071e-05
Size 131072: 2.600193e-05
Size 262144: 2.610349e-05
Size 524288: 4.889163e-05
Size 1048576: 1.208425e-04
Size 2097152: 3.998201e-04
Size 4194304: 7.950357e-04
Size 8388608: 1.584681e-03
Size 16777216: 3.300316e-03

Active Procs: 2
Size 1: 4.276299e-07
Size 2: 4.230583e-07
Size 4: 4.237314e-07
Size 8: 4.267658e-07
Size 16: 4.271426e-07
Size 32: 5.119393e-07
Size 64: 5.150552e-07
Size 128: 8.079638e-07
Size 256: 8.810022e-07
Size 512: 1.091951e-06
Size 1024: 1.375899e-06
Size 2048: 1.803103e-06
Size 4096: 2.502334e-06
Size 8192: 3.891651e-06
Size 16384: 6.592376e-06
Size 32768: 1.090883e-05
Size 65536: 1.631416e-05
Size 131072: 2.632681e-05
Size 262144: 3.271927e-05
Size 524288: 6.345661e-05
Size 1048576: 1.399671e-04
Size 2097152: 4.248674e-04
Size 4194304: 8.448368e-04
Size 8388608: 1.684534e-03
Size 16777216: 3.496538e-03

Active Procs: 4
Size 1: 4.233470e-07
Size 2: 4.241112e-07
Size 4: 4.235675e-07
Size 8: 4.252493e-07
Size 16: 4.247368e-07
Size 32: 5.079785e-07
Size 64: 5.188517e-07
Size 128: 8.062929e-07
Size 256: 8.888032e-07
Size 512: 1.087096e-06
Size 1024: 1.356999e-06
Size 2048: 1.804983e-06
Size 4096: 2.528243e-06
Size 8192: 3.905157e-06
Size 16384: 6.645924e-06
Size 32768: 1.097030e-05
Size 65536: 1.635898e-05
Size 131072: 2.647321e-05
Size 262144: 8.212877e-05
Size 524288: 1.663088e-04
Size 1048576: 3.204957e-04
Size 2097152: 6.280446e-04
Size 4194304: 1.265407e-03
Size 8388608: 2.557340e-03
Size 16777216: 5.358834e-03

Active Procs: 8
Size 1: 4.247840e-07
Size 2: 4.214354e-07
Size 4: 4.200708e-07
Size 8: 4.230982e-07
Size 16: 4.212966e-07
Size 32: 5.099922e-07
Size 64: 5.169415e-07
Size 128: 7.943317e-07
Size 256: 8.721057e-07
Size 512: 1.075974e-06
Size 1024: 1.356000e-06
Size 2048: 1.777847e-06
Size 4096: 2.545067e-06
Size 8192: 3.889020e-06
Size 16384: 6.629044e-06
Size 32768: 1.107373e-05
Size 65536: 1.682162e-05
Size 131072: 2.681742e-05
Size 262144: 1.870492e-04
Size 524288: 3.698945e-04
Size 1048576: 7.434312e-04
Size 2097152: 1.519648e-03
Size 4194304: 3.140487e-03
Size 8388608: 6.351863e-03
Size 16777216: 1.260562e-02

Active Procs: 16
Size 1: 4.310201e-07
Size 2: 4.256489e-07
Size 4: 4.236062e-07
Size 8: 4.267325e-07
Size 16: 4.243315e-07
Size 32: 4.980355e-07
Size 64: 5.127515e-07
Size 128: 8.014837e-07
Size 256: 8.545383e-07
Size 512: 1.051897e-06
Size 1024: 1.345975e-06
Size 2048: 1.780348e-06
Size 4096: 2.593983e-06
Size 8192: 3.936342e-06
Size 16384: 6.692325e-06
Size 32768: 1.119731e-05
Size 65536: 1.701795e-05
Size 131072: 2.722755e-05
Size 262144: 2.777058e-04
Size 524288: 5.515555e-04
Size 1048576: 1.117309e-03
Size 2097152: 2.398222e-03
Size 4194304: 4.949688e-03
Size 8388608: 1.041741e-02
Size 16777216: 2.111932e-02

Active Procs: 32
Size 1: 4.381508e-07
Size 2: 4.164121e-07
Size 4: 4.061004e-07
Size 8: 4.093819e-07
Size 16: 4.089664e-07
Size 32: 4.911106e-07
Size 64: 5.254704e-07
Size 128: 7.970408e-07
Size 256: 8.418928e-07
Size 512: 9.960678e-07
Size 1024: 1.319750e-06
Size 2048: 1.730031e-06
Size 4096: 2.690933e-06
Size 8192: 5.008027e-06
Size 16384: 9.042365e-06
Size 32768: 1.689029e-05
Size 65536: 2.866370e-05
Size 131072: 4.610757e-05
Size 262144: 4.200703e-04
Size 524288: 8.272424e-04
Size 1048576: 1.693203e-03
Size 2097152: 3.642959e-03
Size 4194304: 7.814188e-03
Size 8388608: 1.606233e-02
Size 16777216: 3.248973e-02

Off-Node MultiProc Ping-Pong:
Active Procs: 1
Size 1: 2.910697e-06
Size 2: 2.903696e-06
Size 4: 2.910371e-06
Size 8: 2.906923e-06
Size 16: 2.899509e-06
Size 32: 2.923352e-06
Size 64: 2.954284e-06
Size 128: 3.013585e-06
Size 256: 3.524499e-06
Size 512: 3.712187e-06
Size 1024: 3.915768e-06
Size 2048: 5.412428e-06
Size 4096: 6.477243e-06
Size 8192: 8.392099e-06
Size 16384: 1.209423e-05
Size 32768: 1.677814e-05
Size 65536: 2.184010e-05
Size 131072: 3.153321e-05
Size 262144: 3.280224e-05
Size 524288: 5.411048e-05
Size 1048576: 9.675896e-05
Size 2097152: 1.818639e-04
Size 4194304: 3.521771e-04
Size 8388608: 6.931638e-04
Size 16777216: 1.374648e-03

Active Procs: 2
Size 1: 3.342677e-06
Size 2: 3.342892e-06
Size 4: 3.343519e-06
Size 8: 3.344777e-06
Size 16: 3.337714e-06
Size 32: 3.365580e-06
Size 64: 3.572867e-06
Size 128: 3.613964e-06
Size 256: 4.324134e-06
Size 512: 4.392890e-06
Size 1024: 4.562065e-06
Size 2048: 6.112132e-06
Size 4096: 7.263826e-06
Size 8192: 9.187492e-06
Size 16384: 1.292670e-05
Size 32768: 1.783228e-05
Size 65536: 2.329331e-05
Size 131072: 3.301700e-05
Size 262144: 3.945113e-05
Size 524288: 6.792562e-05
Size 1048576: 1.265129e-04
Size 2097152: 3.456981e-04
Size 4194304: 6.868510e-04
Size 8388608: 1.367934e-03
Size 16777216: 2.730858e-03

Active Procs: 4
Size 1: 3.340179e-06
Size 2: 3.341064e-06
Size 4: 3.341494e-06
Size 8: 3.342780e-06
Size 16: 3.334234e-06
Size 32: 3.360933e-06
Size 64: 3.572941e-06
Size 128: 3.623573e-06
Size 256: 4.316705e-06
Size 512: 4.394220e-06
Size 1024: 4.579565e-06
Size 2048: 6.132080e-06
Size 4096: 7.289023e-06
Size 8192: 9.350593e-06
Size 16384: 1.337105e-05
Size 32768: 1.913383e-05
Size 65536: 2.583671e-05
Size 131072: 3.794643e-05
Size 262144: 8.950186e-05
Size 524288: 9.485639e-05
Size 1048576: 1.813590e-04
Size 2097152: 3.610932e-04
Size 4194304: 7.413775e-04
Size 8388608: 1.419316e-03
Size 16777216: 2.984322e-03

Active Procs: 8
Size 1: 3.338176e-06
Size 2: 3.332994e-06
Size 4: 3.335036e-06
Size 8: 3.335061e-06
Size 16: 3.327498e-06
Size 32: 3.357003e-06
Size 64: 3.576401e-06
Size 128: 3.626334e-06
Size 256: 4.360732e-06
Size 512: 4.396611e-06
Size 1024: 4.594262e-06
Size 2048: 6.129196e-06
Size 4096: 7.328642e-06
Size 8192: 9.699082e-06
Size 16384: 1.427883e-05
Size 32768: 2.273438e-05
Size 65536: 3.097783e-05
Size 131072: 4.939998e-05
Size 262144: 9.406718e-05
Size 524288: 1.762330e-04
Size 1048576: 3.543937e-04
Size 2097152: 7.005844e-04
Size 4194304: 1.469671e-03
Size 8388608: 2.946899e-03
Size 16777216: 8.100260e-03

Active Procs: 16
Size 1: 3.376996e-06
Size 2: 3.379872e-06
Size 4: 3.380788e-06
Size 8: 3.380526e-06
Size 16: 3.376798e-06
Size 32: 3.403227e-06
Size 64: 3.666413e-06
Size 128: 3.696904e-06
Size 256: 4.569759e-06
Size 512: 5.159640e-06
Size 1024: 5.095436e-06
Size 2048: 6.463164e-06
Size 4096: 7.809475e-06
Size 8192: 1.014110e-05
Size 16384: 1.562652e-05
Size 32768: 2.965044e-05
Size 65536: 4.693561e-05
Size 131072: 8.831804e-05
Size 262144: 1.748529e-04
Size 524288: 3.551725e-04
Size 1048576: 6.982840e-04
Size 2097152: 1.440041e-03
Size 4194304: 3.501512e-03
Size 8388608: 8.276230e-03
Size 16777216: 1.756311e-02

Active Procs: 32
Size 1: 3.649938e-06
Size 2: 6.475353e-06
Size 4: 5.796851e-06
Size 8: 4.709907e-06
Size 16: 4.192225e-06
Size 32: 3.682752e-06
Size 64: 2.501547e-05
Size 128: 2.943440e-05
Size 256: 2.950708e-05
Size 512: 3.058749e-05
Size 1024: 3.191601e-05
Size 2048: 7.293567e-06
Size 4096: 8.638013e-06
Size 8192: 1.201119e-05
Size 16384: 2.264161e-05
Size 32768: 4.755118e-05
Size 65536: 9.075447e-05
Size 131072: 1.783934e-04
Size 262144: 3.482474e-04
Size 524288: 6.924555e-04
Size 1048576: 1.384854e-03
Size 2097152: 2.776880e-03
Size 4194304: 5.735030e-03
Size 8388608: 1.200569e-02
Size 16777216: 2.750938e-02

Active Procs: 64
Size 1: 4.863255e-06
Size 2: 1.463045e-05
Size 4: 1.362048e-05
Size 8: 2.760612e-05
Size 16: 1.524374e-05
Size 32: 3.354322e-05
Size 64: 6.054670e-05
Size 128: 6.015796e-05
Size 256: 6.127045e-05
Size 512: 6.268606e-05
Size 1024: 6.922827e-05
Size 2048: 1.048692e-05
Size 4096: 1.714910e-05
Size 8192: 2.288836e-05
Size 16384: 4.451378e-05
Size 32768: 9.713520e-05
Size 65536: 1.747812e-04
Size 131072: 3.482583e-04
Size 262144: 6.970485e-04
Size 524288: 1.385848e-03
Size 1048576: 2.778624e-03
Size 2097152: 5.599049e-03
Size 4194304: 1.159283e-02
Size 8388608: 2.637176e-02
Size 16777216: 6.266292e-02

On-NUMA MultiProc Ping-Pong, All NUMAs Active:
Active Procs: 1
Size 1: 4.272546e-07
Size 2: 4.258194e-07
Size 4: 4.278621e-07
Size 8: 4.301186e-07
Size 16: 4.294510e-07
Size 32: 5.186799e-07
Size 64: 5.248055e-07
Size 128: 8.150704e-07
Size 256: 8.850485e-07
Size 512: 1.087781e-06
Size 1024: 1.390154e-06
Size 2048: 1.821574e-06
Size 4096: 2.533990e-06
Size 8192: 3.914071e-06
Size 16384: 6.611611e-06
Size 32768: 1.092661e-05
Size 65536: 1.651072e-05
Size 131072: 2.677917e-05
Size 262144: 2.659538e-05
Size 524288: 4.983187e-05
Size 1048576: 1.272942e-04
Size 2097152: 4.180625e-04
Size 4194304: 8.329574e-04
Size 8388608: 1.904100e-03
Size 16777216: 5.116604e-03

Active Procs: 2
Size 1: 4.285046e-07
Size 2: 4.290501e-07
Size 4: 4.285852e-07
Size 8: 4.291335e-07
Size 16: 4.286328e-07
Size 32: 5.207827e-07
Size 64: 5.222120e-07
Size 128: 8.174087e-07
Size 256: 8.861123e-07
Size 512: 1.090766e-06
Size 1024: 1.394188e-06
Size 2048: 1.819769e-06
Size 4096: 2.535096e-06
Size 8192: 3.960223e-06
Size 16384: 6.658317e-06
Size 32768: 1.104742e-05
Size 65536: 1.656577e-05
Size 131072: 2.705566e-05
Size 262144: 2.663622e-05
Size 524288: 5.007455e-05
Size 1048576: 1.291088e-04
Size 2097152: 4.296676e-04
Size 4194304: 8.545082e-04
Size 8388608: 2.084701e-03
Size 16777216: 5.168764e-03

Active Procs: 4
Size 1: 4.295919e-07
Size 2: 4.263944e-07
Size 4: 4.276289e-07
Size 8: 4.270962e-07
Size 16: 4.280150e-07
Size 32: 5.177622e-07
Size 64: 5.214238e-07
Size 128: 8.320163e-07
Size 256: 8.790792e-07
Size 512: 1.091771e-06
Size 1024: 1.386747e-06
Size 2048: 1.812163e-06
Size 4096: 2.579541e-06
Size 8192: 3.969613e-06
Size 16384: 6.701187e-06
Size 32768: 1.109605e-05
Size 65536: 1.671531e-05
Size 131072: 2.710048e-05
Size 262144: 2.665495e-05
Size 524288: 5.051219e-05
Size 1048576: 1.308662e-04
Size 2097152: 4.404326e-04
Size 4194304: 1.060027e-03
Size 8388608: 2.680404e-03
Size 16777216: 5.949392e-03

Active Procs: 8
Size 1: 4.309576e-07
Size 2: 4.274076e-07
Size 4: 4.290830e-07
Size 8: 4.297013e-07
Size 16: 4.294772e-07
Size 32: 5.079340e-07
Size 64: 5.166062e-07
Size 128: 8.037739e-07
Size 256: 8.794089e-07
Size 512: 1.064436e-06
Size 1024: 1.374476e-06
Size 2048: 1.794672e-06
Size 4096: 2.634210e-06
Size 8192: 3.972234e-06
Size 16384: 6.727773e-06
Size 32768: 1.120845e-05
Size 65536: 1.686222e-05
Size 131072: 2.737644e-05
Size 262144: 2.695994e-05
Size 524288: 5.141339e-05
Size 1048576: 1.410822e-04
Size 2097152: 4.620779e-04
Size 4194304: 1.354378e-03
Size 8388608: 3.212955e-03
Size 16777216: 6.831089e-03

Active Procs: 16
Size 1: 4.269457e-07
Size 2: 4.132588e-07
Size 4: 4.152855e-07
Size 8: 4.238507e-07
Size 16: 4.156909e-07
Size 32: 5.025593e-07
Size 64: 4.946102e-07
Size 128: 7.607552e-07
Size 256: 8.219992e-07
Size 512: 1.008633e-06
Size 1024: 1.348762e-06
Size 2048: 1.741590e-06
Size 4096: 2.651502e-06
Size 8192: 4.894179e-06
Size 16384: 9.124589e-06
Size 32768: 1.692438e-05
Size 65536: 2.842726e-05
Size 131072: 4.588021e-05
Size 262144: 2.800722e-05
Size 524288: 5.168717e-05
Size 1048576: 1.442883e-04
Size 2097152: 6.307899e-04
Size 4194304: 1.962993e-03
Size 8388608: 4.488342e-03
Size 16777216: 9.462560e-03

On-Socket MultiProc Ping-Pong, All Sockets Active:
Active Procs: 1
Size 1: 4.302324e-07
Size 2: 4.299025e-07
Size 4: 4.274987e-07
Size 8: 4.298867e-07
Size 16: 4.287742e-07
Size 32: 5.192190e-07
Size 64: 5.243532e-07
Size 128: 8.162423e-07
Size 256: 8.818648e-07
Size 512: 1.091542e-06
Size 1024: 1.373651e-06
Size 2048: 1.822191e-06
Size 4096: 2.523207e-06
Size 8192: 3.911092e-06
Size 16384: 6.669093e-06
Size 32768: 1.103725e-05
Size 65536: 1.663813e-05
Size 131072: 2.696112e-05
Size 262144: 2.652172e-05
Size 524288: 4.992831e-05
Size 1048576: 1.279630e-04
Size 2097152: 4.178594e-04
Size 4194304: 8.337023e-04
Size 8388608: 1.905146e-03
Size 16777216: 5.115590e-03

Active Procs: 2
Size 1: 4.277653e-07
Size 2: 4.288339e-07
Size 4: 4.275686e-07
Size 8: 4.291196e-07
Size 16: 4.288476e-07
Size 32: 5.214252e-07
Size 64: 5.255376e-07
Size 128: 8.127111e-07
Size 256: 8.841139e-07
Size 512: 1.094910e-06
Size 1024: 1.406198e-06
Size 2048: 1.820315e-06
Size 4096: 2.538915e-06
Size 8192: 3.968987e-06
Size 16384: 6.710807e-06
Size 32768: 1.107055e-05
Size 65536: 1.665001e-05
Size 131072: 2.697717e-05
Size 262144: 2.688408e-05
Size 524288: 5.012843e-05
Size 1048576: 1.296134e-04
Size 2097152: 4.303702e-04
Size 4194304: 8.556514e-04
Size 8388608: 2.084848e-03
Size 16777216: 5.176845e-03

Active Procs: 4
Size 1: 4.287842e-07
Size 2: 4.273843e-07
Size 4: 4.284715e-07
Size 8: 4.280129e-07
Size 16: 4.290156e-07
Size 32: 5.207907e-07
Size 64: 5.221675e-07
Size 128: 8.055988e-07
Size 256: 8.832159e-07
Size 512: 1.082165e-06
Size 1024: 1.388209e-06
Size 2048: 1.820270e-06
Size 4096: 2.576400e-06
Size 8192: 3.962016e-06
Size 16384: 6.725199e-06
Size 32768: 1.110848e-05
Size 65536: 1.676765e-05
Size 131072: 2.708195e-05
Size 262144: 2.673565e-05
Size 524288: 5.073815e-05
Size 1048576: 1.311104e-04
Size 2097152: 4.438584e-04
Size 4194304: 1.064878e-03
Size 8388608: 2.687254e-03
Size 16777216: 5.947187e-03

Active Procs: 8
Size 1: 4.281143e-07
Size 2: 4.292455e-07
Size 4: 4.307846e-07
Size 8: 4.300436e-07
Size 16: 4.294982e-07
Size 32: 5.091012e-07
Size 64: 5.121345e-07
Size 128: 8.026986e-07
Size 256: 8.856784e-07
Size 512: 1.080919e-06
Size 1024: 1.400919e-06
Size 2048: 1.802987e-06
Size 4096: 2.627716e-06
Size 8192: 3.981160e-06
Size 16384: 6.767358e-06
Size 32768: 1.128521e-05
Size 65536: 1.688194e-05
Size 131072: 2.741694e-05
Size 262144: 2.698966e-05
Size 524288: 5.154983e-05
Size 1048576: 1.414297e-04
Size 2097152: 4.627530e-04
Size 4194304: 1.354603e-03
Size 8388608: 3.213185e-03
Size 16777216: 6.856065e-03

Active Procs: 16
Size 1: 4.186691e-07
Size 2: 4.146375e-07
Size 4: 4.170297e-07
Size 8: 4.169735e-07
Size 16: 4.164989e-07
Size 32: 4.876065e-07
Size 64: 4.946114e-07
Size 128: 7.615164e-07
Size 256: 8.439217e-07
Size 512: 1.008167e-06
Size 1024: 1.330059e-06
Size 2048: 1.746440e-06
Size 4096: 2.661557e-06
Size 8192: 4.878748e-06
Size 16384: 9.128239e-06
Size 32768: 1.683434e-05
Size 65536: 2.838921e-05
Size 131072: 4.576265e-05
Size 262144: 2.692163e-05
Size 524288: 5.176918e-05
Size 1048576: 1.437084e-04
Size 2097152: 6.315530e-04
Size 4194304: 1.960401e-03
Size 8388608: 4.489749e-03
Size 16777216: 9.463046e-03

Off-Node MultiProc Ping-Pong, Even NUMA Regions:
Active Procs: 1
Size 1: 2.918517e-06
Size 2: 2.916480e-06
Size 4: 2.917177e-06
Size 8: 2.916002e-06
Size 16: 2.912342e-06
Size 32: 2.932573e-06
Size 64: 2.969008e-06
Size 128: 3.030444e-06
Size 256: 3.552257e-06
Size 512: 3.724461e-06
Size 1024: 3.941249e-06
Size 2048: 5.397312e-06
Size 4096: 6.496446e-06
Size 8192: 8.602943e-06
Size 16384: 1.224679e-05
Size 32768: 1.697348e-05
Size 65536: 2.234515e-05
Size 131072: 3.225048e-05
Size 262144: 3.562082e-05
Size 524288: 8.733827e-05
Size 1048576: 1.750611e-04
Size 2097152: 3.454719e-04
Size 4194304: 6.864802e-04
Size 8388608: 1.290181e-03
Size 16777216: 2.730709e-03

Active Procs: 2
Size 1: 3.333427e-06
Size 2: 3.334080e-06
Size 4: 3.334967e-06
Size 8: 3.335687e-06
Size 16: 3.329635e-06
Size 32: 3.358251e-06
Size 64: 3.577747e-06
Size 128: 3.620771e-06
Size 256: 4.264308e-06
Size 512: 4.391071e-06
Size 1024: 4.566855e-06
Size 2048: 6.136288e-06
Size 4096: 7.262471e-06
Size 8192: 9.319575e-06
Size 16384: 1.313796e-05
Size 32768: 1.883788e-05
Size 65536: 2.537578e-05
Size 131072: 3.833814e-05
Size 262144: 8.951730e-05
Size 524288: 9.569416e-05
Size 1048576: 1.901986e-04
Size 2097152: 4.131646e-04
Size 4194304: 7.045265e-04
Size 8388608: 1.427170e-03
Size 16777216: 4.234833e-03

Active Procs: 4
Size 1: 3.331891e-06
Size 2: 3.334462e-06
Size 4: 3.333389e-06
Size 8: 3.332874e-06
Size 16: 3.328432e-06
Size 32: 3.353854e-06
Size 64: 3.577038e-06
Size 128: 3.624047e-06
Size 256: 4.266987e-06
Size 512: 4.397331e-06
Size 1024: 4.594808e-06
Size 2048: 6.123005e-06
Size 4096: 7.319574e-06
Size 8192: 9.650542e-06
Size 16384: 1.425924e-05
Size 32768: 2.306087e-05
Size 65536: 3.161793e-05
Size 131072: 5.044878e-05
Size 262144: 9.317357e-05
Size 524288: 1.777914e-04
Size 1048576: 3.532541e-04
Size 2097152: 7.026714e-04
Size 4194304: 1.483902e-03
Size 8388608: 3.740662e-03
Size 16777216: 8.006955e-03

Active Procs: 8
Size 1: 3.385374e-06
Size 2: 3.386448e-06
Size 4: 3.388057e-06
Size 8: 3.385568e-06
Size 16: 3.382279e-06
Size 32: 3.407037e-06
Size 64: 3.635973e-06
Size 128: 3.691925e-06
Size 256: 4.396898e-06
Size 512: 5.043224e-06
Size 1024: 5.209512e-06
Size 2048: 6.338124e-06
Size 4096: 7.763610e-06
Size 8192: 9.961996e-06
Size 16384: 1.540033e-05
Size 32768: 2.963056e-05
Size 65536: 4.666817e-05
Size 131072: 8.821084e-05
Size 262144: 1.740526e-04
Size 524288: 3.540163e-04
Size 1048576: 7.018392e-04
Size 2097152: 1.435768e-03
Size 4194304: 3.368739e-03
Size 8388608: 8.293436e-03
Size 16777216: 1.779337e-02

Active Procs: 16
Size 1: 8.477645e-06
Size 2: 1.441231e-05
Size 4: 8.153953e-06
Size 8: 1.172316e-05
Size 16: 7.365542e-06
Size 32: 8.194065e-06
Size 64: 2.935229e-05
Size 128: 2.760338e-05
Size 256: 2.990437e-05
Size 512: 3.077626e-05
Size 1024: 3.164886e-05
Size 2048: 7.163215e-06
Size 4096: 8.512777e-06
Size 8192: 1.186494e-05
Size 16384: 2.251355e-05
Size 32768: 4.804141e-05
Size 65536: 9.069131e-05
Size 131072: 1.783913e-04
Size 262144: 3.469697e-04
Size 524288: 6.927097e-04
Size 1048576: 1.384624e-03
Size 2097152: 2.785702e-03
Size 4194304: 5.711218e-03
Size 8388608: 1.212129e-02
Size 16777216: 2.718589e-02

Active Procs: 32
Size 1: 3.872002e-05
Size 2: 3.000232e-05
Size 4: 3.577353e-05
Size 8: 3.490699e-05
Size 16: 3.947097e-05
Size 32: 2.153557e-05
Size 64: 6.006454e-05
Size 128: 5.634518e-05
Size 256: 6.052063e-05
Size 512: 6.139155e-05
Size 1024: 6.296863e-05
Size 2048: 1.159784e-05
Size 4096: 1.667451e-05
Size 8192: 2.282571e-05
Size 16384: 4.442754e-05
Size 32768: 9.383181e-05
Size 65536: 1.747554e-04
Size 131072: 3.483417e-04
Size 262144: 6.940816e-04
Size 524288: 1.386373e-03
Size 1048576: 2.783125e-03
Size 2097152: 5.616725e-03
Size 4194304: 1.169188e-02
Size 8388608: 2.695173e-02
Size 16777216: 6.484661e-02

Off-Node MultiProc Ping-Pong, Even Sockets:
Active Procs: 1
Size 1: 2.916325e-06
Size 2: 2.915298e-06
Size 4: 2.916833e-06
Size 8: 2.916324e-06
Size 16: 2.911091e-06
Size 32: 2.933492e-06
Size 64: 2.968394e-06
Size 128: 3.028238e-06
Size 256: 3.552594e-06
Size 512: 3.726536e-06
Size 1024: 3.942408e-06
Size 2048: 5.449820e-06
Size 4096: 6.493157e-06
Size 8192: 8.588120e-06
Size 16384: 1.231116e-05
Size 32768: 1.701628e-05
Size 65536: 2.232688e-05
Size 131072: 3.212570e-05
Size 262144: 3.654609e-05
Size 524288: 5.993537e-05
Size 1048576: 1.750473e-04
Size 2097152: 2.776682e-04
Size 4194304: 5.646457e-04
Size 8388608: 7.418917e-04
Size 16777216: 2.730750e-03

Active Procs: 2
Size 1: 3.333558e-06
Size 2: 3.334645e-06
Size 4: 3.333644e-06
Size 8: 3.337054e-06
Size 16: 3.327842e-06
Size 32: 3.357536e-06
Size 64: 3.571397e-06
Size 128: 3.618985e-06
Size 256: 4.263756e-06
Size 512: 4.392749e-06
Size 1024: 4.568064e-06
Size 2048: 6.105448e-06
Size 4096: 7.262783e-06
Size 8192: 9.188342e-06
Size 16384: 1.313635e-05
Size 32768: 1.900269e-05
Size 65536: 2.574271e-05
Size 131072: 3.860833e-05
Size 262144: 8.907111e-05
Size 524288: 1.094451e-04
Size 1048576: 1.810125e-04
Size 2097152: 3.541635e-04
Size 4194304: 7.927192e-04
Size 8388608: 1.455637e-03
Size 16777216: 3.014292e-03

Active Procs: 4
Size 1: 3.333861e-06
Size 2: 3.335360e-06
Size 4: 3.336323e-06
Size 8: 3.335074e-06
Size 16: 3.329901e-06
Size 32: 3.356181e-06
Size 64: 3.575505e-06
Size 128: 3.624781e-06
Size 256: 4.268783e-06
Size 512: 4.398393e-06
Size 1024: 4.592872e-06
Size 2048: 6.149161e-06
Size 4096: 7.363504e-06
Size 8192: 9.662627e-06
Size 16384: 1.427293e-05
Size 32768: 2.298448e-05
Size 65536: 3.149894e-05
Size 131072: 5.029104e-05
Size 262144: 9.312065e-05
Size 524288: 1.751507e-04
Size 1048576: 3.525454e-04
Size 2097152: 7.095967e-04
Size 4194304: 1.557662e-03
Size 8388608: 3.675417e-03
Size 16777216: 7.662993e-03

Active Procs: 8
Size 1: 3.386303e-06
Size 2: 3.388325e-06
Size 4: 3.394614e-06
Size 8: 3.387867e-06
Size 16: 3.386615e-06
Size 32: 3.405799e-06
Size 64: 3.679264e-06
Size 128: 3.702551e-06
Size 256: 4.400108e-06
Size 512: 5.050787e-06
Size 1024: 5.088095e-06
Size 2048: 6.344073e-06
Size 4096: 7.765488e-06
Size 8192: 9.979627e-06
Size 16384: 1.539923e-05
Size 32768: 2.965086e-05
Size 65536: 4.662848e-05
Size 131072: 8.810826e-05
Size 262144: 1.736126e-04
Size 524288: 3.539686e-04
Size 1048576: 7.027246e-04
Size 2097152: 1.475318e-03
Size 4194304: 3.354916e-03
Size 8388608: 7.852655e-03
Size 16777216: 1.788427e-02

Active Procs: 16
Size 1: 5.807730e-06
Size 2: 6.713508e-06
Size 4: 3.701062e-06
Size 8: 3.696665e-06
Size 16: 7.948487e-06
Size 32: 6.167923e-06
Size 64: 2.920333e-05
Size 128: 2.812736e-05
Size 256: 2.761806e-05
Size 512: 3.039709e-05
Size 1024: 3.143458e-05
Size 2048: 7.237234e-06
Size 4096: 8.591704e-06
Size 8192: 1.200270e-05
Size 16384: 2.260695e-05
Size 32768: 4.760083e-05
Size 65536: 9.084901e-05
Size 131072: 1.787062e-04
Size 262144: 3.468885e-04
Size 524288: 6.925043e-04
Size 1048576: 1.385551e-03
Size 2097152: 2.781514e-03
Size 4194304: 5.692077e-03
Size 8388608: 1.192146e-02
Size 16777216: 2.811482e-02

Active Procs: 32
Size 1: 3.352925e-05
Size 2: 2.376486e-05
Size 4: 2.719575e-05
Size 8: 2.699375e-05
Size 16: 3.593923e-05
Size 32: 3.975598e-05
Size 64: 5.530038e-05
Size 128: 5.977020e-05
Size 256: 5.943835e-05
Size 512: 6.221609e-05
Size 1024: 6.459042e-05
Size 2048: 1.145344e-05
Size 4096: 1.624974e-05
Size 8192: 2.281585e-05
Size 16384: 4.441628e-05
Size 32768: 9.451247e-05
Size 65536: 1.747431e-04
Size 131072: 3.484438e-04
Size 262144: 6.936450e-04
Size 524288: 1.385591e-03
Size 1048576: 2.783570e-03
Size 2097152: 5.622692e-03
Size 4194304: 1.166783e-02
Size 8388608: 2.536893e-02
Size 16777216: 6.486494e-02

On-NUMA Multi Ping-Pong:
Size 1: 4.470944e-07
Size 2: 6.346708e-07
Size 4: 8.598127e-07
Size 8: 1.313530e-06
Size 16: 2.313658e-06
Size 32: 4.441801e-06
Size 64: 8.485201e-06
Size 128: 1.719388e-05
Size 256: 3.471732e-05
Size 512: 9.137627e-05
Size 1024: 1.946740e-04
Size 2048: 4.119388e-04
Size 4096: 8.240512e-04
Size 8192: 1.811581e-03
Size 16384: 3.760542e-03

On-Socket Multi Ping-Pong:
Size 1: 4.453754e-07
Size 2: 6.341180e-07
Size 4: 8.197404e-07
Size 8: 1.303663e-06
Size 16: 2.204365e-06
Size 32: 4.215856e-06
Size 64: 8.240703e-06
Size 128: 1.709285e-05
Size 256: 3.425045e-05
Size 512: 8.711048e-05
Size 1024: 1.969272e-04
Size 2048: 4.152486e-04
Size 4096: 8.240089e-04
Size 8192: 1.833762e-03
Size 16384: 3.777596e-03

On-Node, Off-Socket Multi Ping-Pong:
Size 1: 4.428755e-07
Size 2: 6.338176e-07
Size 4: 8.242164e-07
Size 8: 1.265177e-06
Size 16: 2.303241e-06
Size 32: 4.363455e-06
Size 64: 8.354707e-06
Size 128: 1.703996e-05
Size 256: 3.445654e-05
Size 512: 9.364896e-05
Size 1024: 1.968546e-04
Size 2048: 4.146670e-04
Size 4096: 8.297871e-04
Size 8192: 1.801709e-03
Size 16384: 3.719803e-03

Off-Node Multi Ping-Pong:
Size 1: 2.983078e-06
Size 2: 3.175673e-06
Size 4: 3.938154e-06
Size 8: 5.336813e-06
Size 16: 7.776297e-06
Size 32: 1.280170e-05
Size 64: 2.277694e-05
Size 128: 4.295624e-05
Size 256: 8.334149e-05
Size 512: 1.745497e-04
Size 1024: 4.131168e-04
Size 2048: 8.597376e-04
Size 4096: 1.810888e-03
Size 8192: 3.833300e-03
Size 16384: 7.727380e-03

On-NUMA Matching Ping-Pong:
Size 1: 4.484546e-07
Size 2: 6.451664e-07
Size 4: 8.803841e-07
Size 8: 1.315978e-06
Size 16: 2.251288e-06
Size 32: 4.253205e-06
Size 64: 8.321612e-06
Size 128: 1.700577e-05
Size 256: 3.417787e-05
Size 512: 9.637661e-05
Size 1024: 2.009934e-04
Size 2048: 4.138288e-04
Size 4096: 8.129843e-04
Size 8192: 1.907251e-03
Size 16384: 5.161397e-03

On-Socket Matching Ping-Pong:
Size 1: 4.456188e-07
Size 2: 6.437854e-07
Size 4: 8.740804e-07
Size 8: 1.314388e-06
Size 16: 2.233783e-06
Size 32: 4.272742e-06
Size 64: 8.335154e-06
Size 128: 1.749439e-05
Size 256: 3.495878e-05
Size 512: 9.047991e-05
Size 1024: 2.011405e-04
Size 2048: 4.145755e-04
Size 4096: 8.138573e-04
Size 8192: 1.948277e-03
Size 16384: 5.192891e-03

On-Node, Off-Socket Matching Ping-Pong:
Size 1: 4.457767e-07
Size 2: 6.361916e-07
Size 4: 8.663219e-07
Size 8: 1.295551e-06
Size 16: 2.214681e-06
Size 32: 4.263216e-06
Size 64: 8.387225e-06
Size 128: 1.698140e-05
Size 256: 3.433054e-05
Size 512: 9.393079e-05
Size 1024: 1.983481e-04
Size 2048: 4.156772e-04
Size 4096: 8.101170e-04
Size 8192: 1.956970e-03
Size 16384: 5.379320e-03

Off-Node Matching Ping-Pong:
Size 1: 2.980847e-06
Size 2: 3.179574e-06
Size 4: 3.979092e-06
Size 8: 5.352689e-06
Size 16: 7.803959e-06
Size 32: 1.281915e-05
Size 64: 2.280694e-05
Size 128: 4.281848e-05
Size 256: 8.512054e-05
Size 512: 1.868986e-04
Size 1024: 4.136898e-04
Size 2048: 8.615203e-04
Size 4096: 1.857990e-03
Size 8192: 3.860278e-03
Size 16384: 8.709709e-03

